[2025-05-19 17:23:47,782][__main__][INFO] - params:
  model: UNet
  val_split: 0.2
  lr: 0.001
  batch_size: 8
  n_epochs: 300
  random_state: stratify
  loss_type: mse
data:
  input: obs
  output: globcolour_cmems
  sensor: GSM
  d1_train: 2003-01
  d2_train: 2010-12
  d1_pred: 1998-01
  d2_pred: 2023-12
  d1_test: 2011-01
  d2_test: 2020-12
  plot_date: 2017-01
  lat_min: -85
  lat_max: -30
  lon_min: -180
  lon_max: 180
  var_input:
  - sst
  - mlotst
  - wind_speed
  - par
out:
  training: true
  prediction: true
  metric: true
  plot: true
path:
  data_input: /A04/so_data/Trend_paper/CNN_training/obs/
  data_output: /A04/so_data/Trend_paper/CNN_training/obs/
  log: ${hydra:run.dir}

[2025-05-20 08:44:01,658][__main__][INFO] - Training done.
[2025-05-20 08:44:01,658][__main__][INFO] - Computing chlorophyl predictions...
[2025-05-20 08:47:38,892][__main__][INFO] - Prediction of test dataset done.
[2025-05-20 08:47:38,892][__main__][INFO] - Computing Metrics...
[2025-05-20 08:48:02,567][__main__][INFO] -          Unnamed: 0  Test (2011-01 to 2020-12)
0           R$^{2}$                       0.69
1              RMSE                       0.37
2               MAE                       0.26
3  Regression Slope                       0.63
[2025-05-20 08:48:12,824][__main__][INFO] - Elapsed time: 15 hours, 24 minutes, 25.04 seconds
